Using pre-set license
Built from '2020.3/staging' branch; Version is '2020.3.10f1 (297d780c91bc) revision 2719096'; Using compiler version '192528614'; Build Type 'Release'
OS: 'Windows 10 Pro; OS build 19043.985; Version 2009; 64bit' Language: 'pt' Physical Memory: 8042 MB
BatchMode: 1, IsHumanControllingUs: 0, StartBugReporterOnCrash: 0, Is64bit: 1, IsPro: 0

 COMMAND LINE ARGUMENTS:
C:\Program Files\Unity\Hub\Editor\2020.3.10f1\Editor\Unity.exe
-adb2
-batchMode
-noUpm
-name
AssetImportWorker0
-projectPath
C:/Users/Oliver/Documents/MeusProjetos/MyFirstGameAndroid
-logFile
Logs/AssetImportWorker0.log
-srvPort
64643
Successfully changed project path to: C:/Users/Oliver/Documents/MeusProjetos/MyFirstGameAndroid
C:/Users/Oliver/Documents/MeusProjetos/MyFirstGameAndroid
Using Asset Import Pipeline V2.
Refreshing native plugins compatible for Editor in 114.56 ms, found 3 plugins.
Preloading 0 native plugins for Editor in 0.00 ms.
Initialize engine version: 2020.3.10f1 (297d780c91bc)
[Subsystems] Discovering subsystems at path C:/Program Files/Unity/Hub/Editor/2020.3.10f1/Editor/Data/Resources/UnitySubsystems
[Subsystems] Discovering subsystems at path C:/Users/Oliver/Documents/MeusProjetos/MyFirstGameAndroid/Assets
GfxDevice: creating device client; threaded=0
Direct3D:
    Version:  Direct3D 11.0 [level 11.1]
    Renderer: AMD Radeon HD 8600/8700M (ID=0x6600)
    Vendor:   
    VRAM:     2028 MB
    Driver:   27.20.14501.28009
Initialize mono
Mono path[0] = 'C:/Program Files/Unity/Hub/Editor/2020.3.10f1/Editor/Data/Managed'
Mono path[1] = 'C:/Program Files/Unity/Hub/Editor/2020.3.10f1/Editor/Data/MonoBleedingEdge/lib/mono/unityjit'
Mono config path = 'C:/Program Files/Unity/Hub/Editor/2020.3.10f1/Editor/Data/MonoBleedingEdge/etc'
Using monoOptions --debugger-agent=transport=dt_socket,embedding=1,server=y,suspend=n,address=127.0.0.1:56944
Begin MonoManager ReloadAssembly
Registering precompiled unity dll's ...
Register platform support module: C:/Program Files/Unity/Hub/Editor/2020.3.10f1/Editor/Data/PlaybackEngines/WebGLSupport/UnityEditor.WebGL.Extensions.dll
Register platform support module: C:/Program Files/Unity/Hub/Editor/2020.3.10f1/Editor/Data/PlaybackEngines/WindowsStandaloneSupport/UnityEditor.WindowsStandalone.Extensions.dll
Registered in 0.005206 seconds.
Native extension for WindowsStandalone target not found
Native extension for WebGL target not found
Refreshing native plugins compatible for Editor in 114.59 ms, found 3 plugins.
Preloading 0 native plugins for Editor in 0.00 ms.
Mono: successfully reloaded assembly
- Completed reload, in  4.134 seconds
Platform modules already initialized, skipping
Registering precompiled user dll's ...
Registered in 0.009229 seconds.
Begin MonoManager ReloadAssembly
Native extension for WindowsStandalone target not found
Native extension for WebGL target not found
Refreshing native plugins compatible for Editor in 101.57 ms, found 3 plugins.
Preloading 0 native plugins for Editor in 0.00 ms.
Mono: successfully reloaded assembly
- Completed reload, in  2.403 seconds
Platform modules already initialized, skipping
========================================================================
Worker process is ready to serve import requests
Launched and connected shader compiler UnityShaderCompiler.exe after 0.08 seconds
Refreshing native plugins compatible for Editor in 0.99 ms, found 3 plugins.
Preloading 0 native plugins for Editor in 0.00 ms.
Unloading 2179 Unused Serialized files (Serialized files now loaded: 0)
System memory in use before: 95.4 MB.
System memory in use after: 95.5 MB.

Unloading 41 unused Assets to reduce memory usage. Loaded Objects now: 2604.
Total: 3.804700 ms (FindLiveObjects: 0.278800 ms CreateObjectMapping: 0.145300 ms MarkObjects: 3.268100 ms  DeleteObjects: 0.110300 ms)

========================================================================
Received Import Request.
  path: Assets/Pixel Adventure 1/Assets/Items/Fruits/Melon.png
  artifactKey: Guid(031678d507e557a41b7a16fc33bf6c39) Importer(815301076,1909f56bfc062723c751e8b465ee728b)
Start importing Assets/Pixel Adventure 1/Assets/Items/Fruits/Melon.png using Guid(031678d507e557a41b7a16fc33bf6c39) Importer(815301076,1909f56bfc062723c751e8b465ee728b)  -> (artifact id: 'b06dfb53663cf4bd9514a10fe0538e6a') in 0.312350 seconds
  Import took 0.318255 seconds .

========================================================================
Received Import Request.
  Time since last request: 0.000527 seconds.
  path: Assets/Pixel Adventure 1/Assets/Items/Fruits/Bananas.png
  artifactKey: Guid(b1f24b3bc2e2f1d4b858657ad5c115a0) Importer(815301076,1909f56bfc062723c751e8b465ee728b)
Start importing Assets/Pixel Adventure 1/Assets/Items/Fruits/Bananas.png using Guid(b1f24b3bc2e2f1d4b858657ad5c115a0) Importer(815301076,1909f56bfc062723c751e8b465ee728b)  -> (artifact id: '59ff4490461dd7bd4abc1add51f09b8d') in 0.074883 seconds
  Import took 0.081743 seconds .

========================================================================
Received Import Request.
  Time since last request: 0.000377 seconds.
  path: Assets/Pixel Adventure 1/Assets/Items/Fruits/Strawberry.png
  artifactKey: Guid(a2c110585eb710b408972fbc3b96136d) Importer(815301076,1909f56bfc062723c751e8b465ee728b)
Start importing Assets/Pixel Adventure 1/Assets/Items/Fruits/Strawberry.png using Guid(a2c110585eb710b408972fbc3b96136d) Importer(815301076,1909f56bfc062723c751e8b465ee728b)  -> (artifact id: '220e715088902bb34379db5d782b8ccb') in 0.071881 seconds
  Import took 0.079907 seconds .

========================================================================
Received Import Request.
  Time since last request: 0.000376 seconds.
  path: Assets/Pixel Adventure 1/Assets/Items/Fruits/Apple.png
  artifactKey: Guid(1ddc9afd21fec77489b1248d18f31b68) Importer(815301076,1909f56bfc062723c751e8b465ee728b)
Start importing Assets/Pixel Adventure 1/Assets/Items/Fruits/Apple.png using Guid(1ddc9afd21fec77489b1248d18f31b68) Importer(815301076,1909f56bfc062723c751e8b465ee728b)  -> (artifact id: 'e4a90b925631b3ff151c2b1d9be35178') in 0.075985 seconds
  Import took 0.081938 seconds .

========================================================================
Received Import Request.
  Time since last request: 0.000503 seconds.
  path: Assets/Pixel Adventure 1/Assets/Items/Fruits/Kiwi.png
  artifactKey: Guid(5100b75572e484e458e4340e2afe9454) Importer(815301076,1909f56bfc062723c751e8b465ee728b)
Start importing Assets/Pixel Adventure 1/Assets/Items/Fruits/Kiwi.png using Guid(5100b75572e484e458e4340e2afe9454) Importer(815301076,1909f56bfc062723c751e8b465ee728b)  -> (artifact id: 'b9217d27ebcb08598726cf877537dc77') in 0.081024 seconds
  Import took 0.087075 seconds .

========================================================================
Received Import Request.
  Time since last request: 0.000358 seconds.
  path: Assets/Pixel Adventure 1/Assets/Items/Fruits/Collected.png
  artifactKey: Guid(be1a5bd13766ec048bab6f4c578baa0f) Importer(815301076,1909f56bfc062723c751e8b465ee728b)
Start importing Assets/Pixel Adventure 1/Assets/Items/Fruits/Collected.png using Guid(be1a5bd13766ec048bab6f4c578baa0f) Importer(815301076,1909f56bfc062723c751e8b465ee728b)  -> (artifact id: '7321b5fba4d18b20dbb3fb16607fb41f') in 0.051081 seconds
  Import took 0.057556 seconds .

========================================================================
Received Import Request.
  Time since last request: 0.000368 seconds.
  path: Assets/Pixel Adventure 1/Assets/Items/Fruits/Pineapple.png
  artifactKey: Guid(131e485692e27e84c86170dad18cda85) Importer(815301076,1909f56bfc062723c751e8b465ee728b)
Start importing Assets/Pixel Adventure 1/Assets/Items/Fruits/Pineapple.png using Guid(131e485692e27e84c86170dad18cda85) Importer(815301076,1909f56bfc062723c751e8b465ee728b)  -> (artifact id: '189423e59d0abd0190db4fd46e4dd526') in 0.075193 seconds
  Import took 0.080760 seconds .

========================================================================
Received Import Request.
  Time since last request: 0.000413 seconds.
  path: Assets/Pixel Adventure 1/Assets/Items/Fruits/Cherries.png
  artifactKey: Guid(3d6be91968cb95546ac95aeff5e52f84) Importer(815301076,1909f56bfc062723c751e8b465ee728b)
Start importing Assets/Pixel Adventure 1/Assets/Items/Fruits/Cherries.png using Guid(3d6be91968cb95546ac95aeff5e52f84) Importer(815301076,1909f56bfc062723c751e8b465ee728b)  -> (artifact id: 'ebec4fc2a7e84fb6e20c11de15c8f732') in 0.076715 seconds
  Import took 0.083019 seconds .

========================================================================
Received Import Request.
  Time since last request: 0.000411 seconds.
  path: Assets/Pixel Adventure 1/Assets/Items/Fruits/Orange.png
  artifactKey: Guid(ffc9f271fad56c243a45f100b9dc6778) Importer(815301076,1909f56bfc062723c751e8b465ee728b)
Start importing Assets/Pixel Adventure 1/Assets/Items/Fruits/Orange.png using Guid(ffc9f271fad56c243a45f100b9dc6778) Importer(815301076,1909f56bfc062723c751e8b465ee728b)  -> (artifact id: '7b98049340359ad5686491c87e50c4da') in 0.076649 seconds
  Import took 0.082200 seconds .

========================================================================
Received Import Request.
  Time since last request: 857.809509 seconds.
  path: Assets/Scripts/Apple.cs
  artifactKey: Guid(317532ada507029459ea7dff979191f1) Importer(815301076,1909f56bfc062723c751e8b465ee728b)
Start importing Assets/Scripts/Apple.cs using Guid(317532ada507029459ea7dff979191f1) Importer(815301076,1909f56bfc062723c751e8b465ee728b)  -> (artifact id: '05786c07ad0bf2e4ca89666384df1384') in 0.017748 seconds
  Import took 0.027321 seconds .

========================================================================
Received Prepare
Registering precompiled user dll's ...
Registered in 0.012594 seconds.
Begin MonoManager ReloadAssembly
Native extension for WindowsStandalone target not found
Native extension for WebGL target not found
Refreshing native plugins compatible for Editor in 1.13 ms, found 3 plugins.
Preloading 0 native plugins for Editor in 0.00 ms.
Mono: successfully reloaded assembly
- Completed reload, in  2.287 seconds
Platform modules already initialized, skipping
Refreshing native plugins compatible for Editor in 1.09 ms, found 3 plugins.
Preloading 0 native plugins for Editor in 0.00 ms.
Unloading 2170 Unused Serialized files (Serialized files now loaded: 0)
System memory in use before: 97.9 MB.
System memory in use after: 98.0 MB.

Unloading 29 unused Assets to reduce memory usage. Loaded Objects now: 2617.
Total: 5.409700 ms (FindLiveObjects: 0.361100 ms CreateObjectMapping: 0.245900 ms MarkObjects: 4.749900 ms  DeleteObjects: 0.050500 ms)

========================================================================
Received Prepare
Registering precompiled user dll's ...
Registered in 0.008657 seconds.
Begin MonoManager ReloadAssembly
Native extension for WindowsStandalone target not found
Native extension for WebGL target not found
Refreshing native plugins compatible for Editor in 1.20 ms, found 3 plugins.
Preloading 0 native plugins for Editor in 0.00 ms.
Mono: successfully reloaded assembly
- Completed reload, in  2.108 seconds
Platform modules already initialized, skipping
Refreshing native plugins compatible for Editor in 1.09 ms, found 3 plugins.
Preloading 0 native plugins for Editor in 0.00 ms.
Unloading 2170 Unused Serialized files (Serialized files now loaded: 0)
System memory in use before: 97.9 MB.
System memory in use after: 98.1 MB.

Unloading 29 unused Assets to reduce memory usage. Loaded Objects now: 2621.
Total: 4.416600 ms (FindLiveObjects: 0.401100 ms CreateObjectMapping: 0.261700 ms MarkObjects: 3.706900 ms  DeleteObjects: 0.044900 ms)

========================================================================
Received Prepare
Registering precompiled user dll's ...
Registered in 0.008829 seconds.
Begin MonoManager ReloadAssembly
Native extension for WindowsStandalone target not found
Native extension for WebGL target not found
Refreshing native plugins compatible for Editor in 1.16 ms, found 3 plugins.
Preloading 0 native plugins for Editor in 0.00 ms.
Mono: successfully reloaded assembly
- Completed reload, in  2.125 seconds
Platform modules already initialized, skipping
Refreshing native plugins compatible for Editor in 1.10 ms, found 3 plugins.
Preloading 0 native plugins for Editor in 0.00 ms.
Unloading 2170 Unused Serialized files (Serialized files now loaded: 0)
System memory in use before: 98.0 MB.
System memory in use after: 98.1 MB.

Unloading 29 unused Assets to reduce memory usage. Loaded Objects now: 2625.
Total: 4.515500 ms (FindLiveObjects: 0.405900 ms CreateObjectMapping: 0.275400 ms MarkObjects: 3.791000 ms  DeleteObjects: 0.041300 ms)

========================================================================
Received Prepare
Registering precompiled user dll's ...
Registered in 0.009528 seconds.
Begin MonoManager ReloadAssembly
Native extension for WindowsStandalone target not found
Native extension for WebGL target not found
Refreshing native plugins compatible for Editor in 1.11 ms, found 3 plugins.
Preloading 0 native plugins for Editor in 0.00 ms.
Mono: successfully reloaded assembly
- Completed reload, in  2.067 seconds
Platform modules already initialized, skipping
Refreshing native plugins compatible for Editor in 1.10 ms, found 3 plugins.
Preloading 0 native plugins for Editor in 0.00 ms.
Unloading 2170 Unused Serialized files (Serialized files now loaded: 0)
System memory in use before: 98.0 MB.
System memory in use after: 98.1 MB.

Unloading 29 unused Assets to reduce memory usage. Loaded Objects now: 2629.
Total: 4.213500 ms (FindLiveObjects: 0.344100 ms CreateObjectMapping: 0.244400 ms MarkObjects: 3.588400 ms  DeleteObjects: 0.034700 ms)

========================================================================
Received Prepare
Registering precompiled user dll's ...
Registered in 0.008899 seconds.
Begin MonoManager ReloadAssembly
Native extension for WindowsStandalone target not found
Native extension for WebGL target not found
Refreshing native plugins compatible for Editor in 1.11 ms, found 3 plugins.
Preloading 0 native plugins for Editor in 0.00 ms.
Mono: successfully reloaded assembly
- Completed reload, in  2.086 seconds
Platform modules already initialized, skipping
Refreshing native plugins compatible for Editor in 1.11 ms, found 3 plugins.
Preloading 0 native plugins for Editor in 0.00 ms.
Unloading 2170 Unused Serialized files (Serialized files now loaded: 0)
System memory in use before: 98.0 MB.
System memory in use after: 98.1 MB.

Unloading 29 unused Assets to reduce memory usage. Loaded Objects now: 2633.
Total: 4.412300 ms (FindLiveObjects: 0.377100 ms CreateObjectMapping: 0.260800 ms MarkObjects: 3.731300 ms  DeleteObjects: 0.040800 ms)

========================================================================
Received Import Request.
  Time since last request: 1372.518810 seconds.
  path: Assets
  artifactKey: Guid(00000000000000001000000000000000) Importer(815301076,1909f56bfc062723c751e8b465ee728b)
Start importing Assets using Guid(00000000000000001000000000000000) Importer(815301076,1909f56bfc062723c751e8b465ee728b)  -> (artifact id: '42d402b061de3733987d63b9cc3b64de') in 0.020487 seconds
  Import took 0.027073 seconds .

========================================================================
Received Import Request.
  Time since last request: 15.760291 seconds.
  path: Assets/Prefabs
  artifactKey: Guid(b9b05f613d904ac49b73c268ba04bca2) Importer(815301076,1909f56bfc062723c751e8b465ee728b)
Start importing Assets/Prefabs using Guid(b9b05f613d904ac49b73c268ba04bca2) Importer(815301076,1909f56bfc062723c751e8b465ee728b)  -> (artifact id: 'a7980c21d8085fe4aa4bca65c0935498') in 0.015461 seconds
  Import took 0.022984 seconds .

========================================================================
Received Import Request.
  Time since last request: 17.550417 seconds.
  path: Assets/Prefabs/Collected.prefab
  artifactKey: Guid(1f2e98e3578ee0e488224138dca59300) Importer(815301076,1909f56bfc062723c751e8b465ee728b)
Start importing Assets/Prefabs/Collected.prefab using Guid(1f2e98e3578ee0e488224138dca59300) Importer(815301076,1909f56bfc062723c751e8b465ee728b) The Animator Controller (Collected) you have used is not valid. Animations will not play
0x00007ff6f44497ac (Unity) StackWalker::GetCurrentCallstack
0x00007ff6f4451b89 (Unity) StackWalker::ShowCallstack
0x00007ff6f593752c (Unity) GetStacktrace
0x00007ff6f6a3ae03 (Unity) DebugStringToFile
0x00007ff6f2a73fd8 (Unity) AnimatorControllerPlayable::GenerateGraph
0x00007ff6f2a7a115 (Unity) AnimatorControllerPlayable::SetAnimatorController
0x00007ff6f2a0227e (Unity) Animator::CreateInternalControllerPlayable
0x00007ff6f29fea98 (Unity) Animator::AddToManager
0x00007ff6f29ff064 (Unity) Animator::AwakeFromLoad
0x00007ff6f43d25e8 (Unity) AwakeFromLoadQueue::InvokeAwakeFromLoad
0x00007ff6f43cb5fd (Unity) AwakeFromLoadQueue::AwakeFromLoad
0x00007ff6f374f822 (Unity) AwakeAndActivateClonedObjects
0x00007ff6f4f90c3f (Unity) InstantiateObjectRemoveAllNonAnimationComponents
0x00007ff6f616e77b (Unity) EditorUtility_CUSTOM_Internal_InstantiateRemoveAllNonAnimationComponentsSingle_Injected
0x0000022989e29da3 (Mono JIT Code) (wrapper managed-to-native) UnityEditor.EditorUtility:Internal_InstantiateRemoveAllNonAnimationComponentsSingle_Injected (UnityEngine.Object,UnityEngine.Vector3&,UnityEngine.Quaternion&)
0x0000022989e29cd3 (Mono JIT Code) UnityEditor.EditorUtility:Internal_InstantiateRemoveAllNonAnimationComponentsSingle (UnityEngine.Object,UnityEngine.Vector3,UnityEngine.Quaternion)
0x0000022989e29c03 (Mono JIT Code) UnityEditor.EditorUtility:InstantiateRemoveAllNonAnimationComponents (UnityEngine.Object,UnityEngine.Vector3,UnityEngine.Quaternion)
0x0000022989e296d3 (Mono JIT Code) UnityEditor.EditorUtility:InstantiateForAnimatorPreview (UnityEngine.Object)
0x0000022989e29393 (Mono JIT Code) UnityEditor.GameObjectInspector/PreviewData:UpdateGameObject (UnityEngine.Object)
0x0000022989e254c3 (Mono JIT Code) UnityEditor.GameObjectInspector/PreviewData:.ctor (UnityEngine.Object)
0x0000022989e25033 (Mono JIT Code) UnityEditor.GameObjectInspector:GetPreviewData ()
0x0000022989e23f63 (Mono JIT Code) UnityEditor.GameObjectInspector:RenderStaticPreview (string,UnityEngine.Object[],int,int)
0x0000022989e0b1ba (Mono JIT Code) UnityEditor.AssetPreviewUpdater:CreatePreviewForAsset (UnityEngine.Object,UnityEngine.Object[],string)
0x0000022989e0b348 (Mono JIT Code) (wrapper runtime-invoke) <Module>:runtime_invoke_object_object_object_object (object,intptr,intptr,intptr)
0x00007ffb8659e630 (mono-2.0-bdwgc) [mini-runtime.c:2812] mono_jit_runtime_invoke 
0x00007ffb86522ac2 (mono-2.0-bdwgc) [object.c:2921] do_runtime_invoke 
0x00007ffb8652bb1f (mono-2.0-bdwgc) [object.c:2968] mono_runtime_invoke 
0x00007ff6f42c1af4 (Unity) scripting_method_invoke
0x00007ff6f42ba445 (Unity) ScriptingInvocation::Invoke
0x00007ff6f5a00b20 (Unity) MonoCreateAssetPreview
0x00007ff6f5a050ee (Unity) WriteAssetPreviewToFile
0x00007ff6f5a0585c (Unity) WritePreviews
0x00007ff6f59ff54e (Unity) PreviewImporter::GenerateAssetData
0x00007ff6f5aeef59 (Unity) ImportToObjects
0x00007ff6f5aee069 (Unity) ImportAsset
0x00007ff6f5a501d8 (Unity) AssetImportWorker::Import
0x00007ff6f5aa40bf (Unity) <lambda_e7e5f5e49556456463706cfa5dd72d0a>::operator()
0x00007ff6f5b47022 (Unity) asio::detail::completion_handler<core::mutable_function<void __cdecl(void)> >::do_complete
0x00007ff6f5b49180 (Unity) asio::detail::win_iocp_io_service::do_one
0x00007ff6f5b4c90e (Unity) asio::io_service::run
0x00007ff6f5acffbb (Unity) RunAssetImportWorkerClientV2
0x00007ff6f5ad0010 (Unity) RunAssetImporterV2
0x00007ff6f4fc1126 (Unity) Application::InitializeProject
0x00007ff6f5944a92 (Unity) WinMain
0x00007ff6f77962b6 (Unity) __scrt_common_main_seh
0x00007ffc022a7034 (KERNEL32) BaseThreadInitThunk
0x00007ffc02bc2651 (ntdll) RtlUserThreadStart

The Animator Controller (Collected) you have used is not valid. Animations will not play
0x00007ff6f44497ac (Unity) StackWalker::GetCurrentCallstack
0x00007ff6f4451b89 (Unity) StackWalker::ShowCallstack
0x00007ff6f593752c (Unity) GetStacktrace
0x00007ff6f6a3ae03 (Unity) DebugStringToFile
0x00007ff6f2a73fd8 (Unity) AnimatorControllerPlayable::GenerateGraph
0x00007ff6f2a7a115 (Unity) AnimatorControllerPlayable::SetAnimatorController
0x00007ff6f2a0227e (Unity) Animator::CreateInternalControllerPlayable
0x00007ff6f29fea98 (Unity) Animator::AddToManager
0x00007ff6f29ff064 (Unity) Animator::AwakeFromLoad
0x00007ff6f43d25e8 (Unity) AwakeFromLoadQueue::InvokeAwakeFromLoad
0x00007ff6f43cb5fd (Unity) AwakeFromLoadQueue::AwakeFromLoad
0x00007ff6f34541aa (Unity) GameObject::ActivateAwakeRecursively
0x00007ff6f3454116 (Unity) GameObject::Activate
0x00007ff6f3c3f805 (Unity) UnityScene::OnGameObjectChangedScene
0x00007ff6f3e8d125 (Unity) Transform::SetHideFlags
0x00007ff6f345ea48 (Unity) GameObject::SetHideFlags
0x00007ff6f45e7893 (Unity) Object_Set_Custom_PropHideFlags
0x00000229874110a6 (Mono JIT Code) (wrapper managed-to-native) UnityEngine.Object:set_hideFlags (UnityEngine.Object,UnityEngine.HideFlags)
0x0000022989e2aaf3 (Mono JIT Code) UnityEditor.EditorUtility:InitInstantiatedPreviewRecursive (UnityEngine.GameObject)
0x0000022989e2979b (Mono JIT Code) UnityEditor.EditorUtility:InstantiateForAnimatorPreview (UnityEngine.Object)
0x0000022989e29393 (Mono JIT Code) UnityEditor.GameObjectInspector/PreviewData:UpdateGameObject (UnityEngine.Object)
0x0000022989e254c3 (Mono JIT Code) UnityEditor.GameObjectInspector/PreviewData:.ctor (UnityEngine.Object)
0x0000022989e25033 (Mono JIT Code) UnityEditor.GameObjectInspector:GetPreviewData ()
0x0000022989e23f63 (Mono JIT Code) UnityEditor.GameObjectInspector:RenderStaticPreview (string,UnityEngine.Object[],int,int)
0x0000022989e0b1ba (Mono JIT Code) UnityEditor.AssetPreviewUpdater:CreatePreviewForAsset (UnityEngine.Object,UnityEngine.Object[],string)
0x0000022989e0b348 (Mono JIT Code) (wrapper runtime-invoke) <Module>:runtime_invoke_object_object_object_object (object,intptr,intptr,intptr)
0x00007ffb8659e630 (mono-2.0-bdwgc) [mini-runtime.c:2812] mono_jit_runtime_invoke 
0x00007ffb86522ac2 (mono-2.0-bdwgc) [object.c:2921] do_runtime_invoke 
0x00007ffb8652bb1f (mono-2.0-bdwgc) [object.c:2968] mono_runtime_invoke 
0x00007ff6f42c1af4 (Unity) scripting_method_invoke
0x00007ff6f42ba445 (Unity) ScriptingInvocation::Invoke
0x00007ff6f5a00b20 (Unity) MonoCreateAssetPreview
0x00007ff6f5a050ee (Unity) WriteAssetPreviewToFile
0x00007ff6f5a0585c (Unity) WritePreviews
0x00007ff6f59ff54e (Unity) PreviewImporter::GenerateAssetData
0x00007ff6f5aeef59 (Unity) ImportToObjects
0x00007ff6f5aee069 (Unity) ImportAsset
0x00007ff6f5a501d8 (Unity) AssetImportWorker::Import
0x00007ff6f5aa40bf (Unity) <lambda_e7e5f5e49556456463706cfa5dd72d0a>::operator()
0x00007ff6f5b47022 (Unity) asio::detail::completion_handler<core::mutable_function<void __cdecl(void)> >::do_complete
0x00007ff6f5b49180 (Unity) asio::detail::win_iocp_io_service::do_one
0x00007ff6f5b4c90e (Unity) asio::io_service::run
0x00007ff6f5acffbb (Unity) RunAssetImportWorkerClientV2
0x00007ff6f5ad0010 (Unity) RunAssetImporterV2
0x00007ff6f4fc1126 (Unity) Application::InitializeProject
0x00007ff6f5944a92 (Unity) WinMain
0x00007ff6f77962b6 (Unity) __scrt_common_main_seh
0x00007ffc022a7034 (KERNEL32) BaseThreadInitThunk
0x00007ffc02bc2651 (ntdll) RtlUserThreadStart

 -> (artifact id: '1184dbb1f7fbd83a8c903e7831cca2a5') in 1.331460 seconds
  Import took 1.337744 seconds .

========================================================================
Received Prepare
Registering precompiled user dll's ...
Registered in 0.010088 seconds.
Begin MonoManager ReloadAssembly
Native extension for WindowsStandalone target not found
Native extension for WebGL target not found
Refreshing native plugins compatible for Editor in 1.10 ms, found 3 plugins.
Preloading 0 native plugins for Editor in 0.00 ms.
Mono: successfully reloaded assembly
- Completed reload, in  2.132 seconds
Platform modules already initialized, skipping
Refreshing native plugins compatible for Editor in 1.10 ms, found 3 plugins.
Preloading 0 native plugins for Editor in 0.00 ms.
Unloading 2170 Unused Serialized files (Serialized files now loaded: 0)
System memory in use before: 98.2 MB.
System memory in use after: 98.3 MB.

Unloading 29 unused Assets to reduce memory usage. Loaded Objects now: 2642.
Total: 4.448500 ms (FindLiveObjects: 0.356400 ms CreateObjectMapping: 0.245500 ms MarkObjects: 3.808300 ms  DeleteObjects: 0.036300 ms)

========================================================================
Received Prepare
Registering precompiled user dll's ...
Registered in 0.008793 seconds.
Begin MonoManager ReloadAssembly
Native extension for WindowsStandalone target not found
Native extension for WebGL target not found
Refreshing native plugins compatible for Editor in 1.22 ms, found 3 plugins.
Preloading 0 native plugins for Editor in 0.00 ms.
Mono: successfully reloaded assembly
- Completed reload, in  2.264 seconds
Platform modules already initialized, skipping
Refreshing native plugins compatible for Editor in 1.79 ms, found 3 plugins.
Preloading 0 native plugins for Editor in 0.00 ms.
Unloading 2170 Unused Serialized files (Serialized files now loaded: 0)
System memory in use before: 98.2 MB.
System memory in use after: 98.3 MB.

Unloading 29 unused Assets to reduce memory usage. Loaded Objects now: 2646.
Total: 4.248300 ms (FindLiveObjects: 0.359400 ms CreateObjectMapping: 0.227900 ms MarkObjects: 3.624700 ms  DeleteObjects: 0.034300 ms)

========================================================================
Received Prepare
Registering precompiled user dll's ...
Registered in 0.008692 seconds.
Begin MonoManager ReloadAssembly
Native extension for WindowsStandalone target not found
Native extension for WebGL target not found
Refreshing native plugins compatible for Editor in 1.11 ms, found 3 plugins.
Preloading 0 native plugins for Editor in 0.00 ms.
Mono: successfully reloaded assembly
- Completed reload, in  2.112 seconds
Platform modules already initialized, skipping
Refreshing native plugins compatible for Editor in 1.19 ms, found 3 plugins.
Preloading 0 native plugins for Editor in 0.00 ms.
Unloading 2170 Unused Serialized files (Serialized files now loaded: 0)
System memory in use before: 98.2 MB.
System memory in use after: 98.3 MB.

Unloading 29 unused Assets to reduce memory usage. Loaded Objects now: 2650.
Total: 4.475700 ms (FindLiveObjects: 0.365800 ms CreateObjectMapping: 0.238200 ms MarkObjects: 3.827000 ms  DeleteObjects: 0.042000 ms)

========================================================================
Received Prepare
Registering precompiled user dll's ...
Registered in 0.008614 seconds.
Begin MonoManager ReloadAssembly
Native extension for WindowsStandalone target not found
Native extension for WebGL target not found
Refreshing native plugins compatible for Editor in 1.12 ms, found 3 plugins.
Preloading 0 native plugins for Editor in 0.00 ms.
Mono: successfully reloaded assembly
- Completed reload, in  2.120 seconds
Platform modules already initialized, skipping
Refreshing native plugins compatible for Editor in 1.22 ms, found 3 plugins.
Preloading 0 native plugins for Editor in 0.00 ms.
Unloading 2170 Unused Serialized files (Serialized files now loaded: 0)
System memory in use before: 98.2 MB.
System memory in use after: 98.4 MB.

Unloading 29 unused Assets to reduce memory usage. Loaded Objects now: 2654.
Total: 4.750800 ms (FindLiveObjects: 0.381800 ms CreateObjectMapping: 0.293500 ms MarkObjects: 4.029100 ms  DeleteObjects: 0.044200 ms)

========================================================================
Received Prepare
Registering precompiled user dll's ...
Registered in 0.008692 seconds.
Begin MonoManager ReloadAssembly
Native extension for WindowsStandalone target not found
Native extension for WebGL target not found
Refreshing native plugins compatible for Editor in 1.11 ms, found 3 plugins.
Preloading 0 native plugins for Editor in 0.00 ms.
Mono: successfully reloaded assembly
- Completed reload, in  2.145 seconds
Platform modules already initialized, skipping
Refreshing native plugins compatible for Editor in 1.10 ms, found 3 plugins.
Preloading 0 native plugins for Editor in 0.00 ms.
Unloading 2170 Unused Serialized files (Serialized files now loaded: 0)
System memory in use before: 98.2 MB.
System memory in use after: 98.4 MB.

Unloading 29 unused Assets to reduce memory usage. Loaded Objects now: 2658.
Total: 4.151000 ms (FindLiveObjects: 0.357000 ms CreateObjectMapping: 0.250100 ms MarkObjects: 3.502900 ms  DeleteObjects: 0.038900 ms)

========================================================================
Received Prepare
Registering precompiled user dll's ...
Registered in 0.010875 seconds.
Begin MonoManager ReloadAssembly
Native extension for WindowsStandalone target not found
Native extension for WebGL target not found
Refreshing native plugins compatible for Editor in 1.10 ms, found 3 plugins.
Preloading 0 native plugins for Editor in 0.00 ms.
Mono: successfully reloaded assembly
- Completed reload, in  2.276 seconds
Platform modules already initialized, skipping
Refreshing native plugins compatible for Editor in 1.10 ms, found 3 plugins.
Preloading 0 native plugins for Editor in 0.00 ms.
Unloading 2170 Unused Serialized files (Serialized files now loaded: 0)
System memory in use before: 98.2 MB.
System memory in use after: 98.4 MB.

Unloading 29 unused Assets to reduce memory usage. Loaded Objects now: 2662.
Total: 4.288000 ms (FindLiveObjects: 0.357400 ms CreateObjectMapping: 0.245300 ms MarkObjects: 3.648500 ms  DeleteObjects: 0.035000 ms)

========================================================================
Received Import Request.
  Time since last request: 710.702113 seconds.
  path: Assets/Prefabs/Apple.prefab
  artifactKey: Guid(ceddf16fd111527439a7f3127d51c1bf) Importer(815301076,1909f56bfc062723c751e8b465ee728b)
Start importing Assets/Prefabs/Apple.prefab using Guid(ceddf16fd111527439a7f3127d51c1bf) Importer(815301076,1909f56bfc062723c751e8b465ee728b) The Animator Controller (Apple) you have used is not valid. Animations will not play
0x00007ff6f44497ac (Unity) StackWalker::GetCurrentCallstack
0x00007ff6f4451b89 (Unity) StackWalker::ShowCallstack
0x00007ff6f593752c (Unity) GetStacktrace
0x00007ff6f6a3ae03 (Unity) DebugStringToFile
0x00007ff6f2a73fd8 (Unity) AnimatorControllerPlayable::GenerateGraph
0x00007ff6f2a7a115 (Unity) AnimatorControllerPlayable::SetAnimatorController
0x00007ff6f2a0227e (Unity) Animator::CreateInternalControllerPlayable
0x00007ff6f29fea98 (Unity) Animator::AddToManager
0x00007ff6f29ff064 (Unity) Animator::AwakeFromLoad
0x00007ff6f43d25e8 (Unity) AwakeFromLoadQueue::InvokeAwakeFromLoad
0x00007ff6f43cb5fd (Unity) AwakeFromLoadQueue::AwakeFromLoad
0x00007ff6f374f822 (Unity) AwakeAndActivateClonedObjects
0x00007ff6f4f90c3f (Unity) InstantiateObjectRemoveAllNonAnimationComponents
0x00007ff6f616e77b (Unity) EditorUtility_CUSTOM_Internal_InstantiateRemoveAllNonAnimationComponentsSingle_Injected
0x0000022989e1a783 (Mono JIT Code) (wrapper managed-to-native) UnityEditor.EditorUtility:Internal_InstantiateRemoveAllNonAnimationComponentsSingle_Injected (UnityEngine.Object,UnityEngine.Vector3&,UnityEngine.Quaternion&)
0x0000022989e1a6b3 (Mono JIT Code) UnityEditor.EditorUtility:Internal_InstantiateRemoveAllNonAnimationComponentsSingle (UnityEngine.Object,UnityEngine.Vector3,UnityEngine.Quaternion)
0x0000022989e1a5e3 (Mono JIT Code) UnityEditor.EditorUtility:InstantiateRemoveAllNonAnimationComponents (UnityEngine.Object,UnityEngine.Vector3,UnityEngine.Quaternion)
0x0000022989e1a0b3 (Mono JIT Code) UnityEditor.EditorUtility:InstantiateForAnimatorPreview (UnityEngine.Object)
0x0000022989e19d73 (Mono JIT Code) UnityEditor.GameObjectInspector/PreviewData:UpdateGameObject (UnityEngine.Object)
0x0000022989e15ea3 (Mono JIT Code) UnityEditor.GameObjectInspector/PreviewData:.ctor (UnityEngine.Object)
0x0000022989e15a13 (Mono JIT Code) UnityEditor.GameObjectInspector:GetPreviewData ()
0x0000022989e14943 (Mono JIT Code) UnityEditor.GameObjectInspector:RenderStaticPreview (string,UnityEngine.Object[],int,int)
0x0000022989e0b32a (Mono JIT Code) UnityEditor.AssetPreviewUpdater:CreatePreviewForAsset (UnityEngine.Object,UnityEngine.Object[],string)
0x0000022989e0b4b8 (Mono JIT Code) (wrapper runtime-invoke) <Module>:runtime_invoke_object_object_object_object (object,intptr,intptr,intptr)
0x00007ffb8659e630 (mono-2.0-bdwgc) [mini-runtime.c:2812] mono_jit_runtime_invoke 
0x00007ffb86522ac2 (mono-2.0-bdwgc) [object.c:2921] do_runtime_invoke 
0x00007ffb8652bb1f (mono-2.0-bdwgc) [object.c:2968] mono_runtime_invoke 
0x00007ff6f42c1af4 (Unity) scripting_method_invoke
0x00007ff6f42ba445 (Unity) ScriptingInvocation::Invoke
0x00007ff6f5a00b20 (Unity) MonoCreateAssetPreview
0x00007ff6f5a050ee (Unity) WriteAssetPreviewToFile
0x00007ff6f5a0585c (Unity) WritePreviews
0x00007ff6f59ff54e (Unity) PreviewImporter::GenerateAssetData
0x00007ff6f5aeef59 (Unity) ImportToObjects
0x00007ff6f5aee069 (Unity) ImportAsset
0x00007ff6f5a501d8 (Unity) AssetImportWorker::Import
0x00007ff6f5aa40bf (Unity) <lambda_e7e5f5e49556456463706cfa5dd72d0a>::operator()
0x00007ff6f5b47022 (Unity) asio::detail::completion_handler<core::mutable_function<void __cdecl(void)> >::do_complete
0x00007ff6f5b49180 (Unity) asio::detail::win_iocp_io_service::do_one
0x00007ff6f5b4c90e (Unity) asio::io_service::run
0x00007ff6f5acffbb (Unity) RunAssetImportWorkerClientV2
0x00007ff6f5ad0010 (Unity) RunAssetImporterV2
0x00007ff6f4fc1126 (Unity) Application::InitializeProject
0x00007ff6f5944a92 (Unity) WinMain
0x00007ff6f77962b6 (Unity) __scrt_common_main_seh
0x00007ffc022a7034 (KERNEL32) BaseThreadInitThunk
0x00007ffc02bc2651 (ntdll) RtlUserThreadStart

The Animator Controller (Apple) you have used is not valid. Animations will not play
0x00007ff6f44497ac (Unity) StackWalker::GetCurrentCallstack
0x00007ff6f4451b89 (Unity) StackWalker::ShowCallstack
0x00007ff6f593752c (Unity) GetStacktrace
0x00007ff6f6a3ae03 (Unity) DebugStringToFile
0x00007ff6f2a73fd8 (Unity) AnimatorControllerPlayable::GenerateGraph
0x00007ff6f2a7a115 (Unity) AnimatorControllerPlayable::SetAnimatorController
0x00007ff6f2a0227e (Unity) Animator::CreateInternalControllerPlayable
0x00007ff6f29fea98 (Unity) Animator::AddToManager
0x00007ff6f29ff064 (Unity) Animator::AwakeFromLoad
0x00007ff6f43d25e8 (Unity) AwakeFromLoadQueue::InvokeAwakeFromLoad
0x00007ff6f43cb5fd (Unity) AwakeFromLoadQueue::AwakeFromLoad
0x00007ff6f34541aa (Unity) GameObject::ActivateAwakeRecursively
0x00007ff6f3454116 (Unity) GameObject::Activate
0x00007ff6f3c3f805 (Unity) UnityScene::OnGameObjectChangedScene
0x00007ff6f3e8d125 (Unity) Transform::SetHideFlags
0x00007ff6f345ea48 (Unity) GameObject::SetHideFlags
0x00007ff6f45e7893 (Unity) Object_Set_Custom_PropHideFlags
0x0000022989df10a6 (Mono JIT Code) (wrapper managed-to-native) UnityEngine.Object:set_hideFlags (UnityEngine.Object,UnityEngine.HideFlags)
0x0000022989e1b4d3 (Mono JIT Code) UnityEditor.EditorUtility:InitInstantiatedPreviewRecursive (UnityEngine.GameObject)
0x0000022989e1a17b (Mono JIT Code) UnityEditor.EditorUtility:InstantiateForAnimatorPreview (UnityEngine.Object)
0x0000022989e19d73 (Mono JIT Code) UnityEditor.GameObjectInspector/PreviewData:UpdateGameObject (UnityEngine.Object)
0x0000022989e15ea3 (Mono JIT Code) UnityEditor.GameObjectInspector/PreviewData:.ctor (UnityEngine.Object)
0x0000022989e15a13 (Mono JIT Code) UnityEditor.GameObjectInspector:GetPreviewData ()
0x0000022989e14943 (Mono JIT Code) UnityEditor.GameObjectInspector:RenderStaticPreview (string,UnityEngine.Object[],int,int)
0x0000022989e0b32a (Mono JIT Code) UnityEditor.AssetPreviewUpdater:CreatePreviewForAsset (UnityEngine.Object,UnityEngine.Object[],string)
0x0000022989e0b4b8 (Mono JIT Code) (wrapper runtime-invoke) <Module>:runtime_invoke_object_object_object_object (object,intptr,intptr,intptr)
0x00007ffb8659e630 (mono-2.0-bdwgc) [mini-runtime.c:2812] mono_jit_runtime_invoke 
0x00007ffb86522ac2 (mono-2.0-bdwgc) [object.c:2921] do_runtime_invoke 
0x00007ffb8652bb1f (mono-2.0-bdwgc) [object.c:2968] mono_runtime_invoke 
0x00007ff6f42c1af4 (Unity) scripting_method_invoke
0x00007ff6f42ba445 (Unity) ScriptingInvocation::Invoke
0x00007ff6f5a00b20 (Unity) MonoCreateAssetPreview
0x00007ff6f5a050ee (Unity) WriteAssetPreviewToFile
0x00007ff6f5a0585c (Unity) WritePreviews
0x00007ff6f59ff54e (Unity) PreviewImporter::GenerateAssetData
0x00007ff6f5aeef59 (Unity) ImportToObjects
0x00007ff6f5aee069 (Unity) ImportAsset
0x00007ff6f5a501d8 (Unity) AssetImportWorker::Import
0x00007ff6f5aa40bf (Unity) <lambda_e7e5f5e49556456463706cfa5dd72d0a>::operator()
0x00007ff6f5b47022 (Unity) asio::detail::completion_handler<core::mutable_function<void __cdecl(void)> >::do_complete
0x00007ff6f5b49180 (Unity) asio::detail::win_iocp_io_service::do_one
0x00007ff6f5b4c90e (Unity) asio::io_service::run
0x00007ff6f5acffbb (Unity) RunAssetImportWorkerClientV2
0x00007ff6f5ad0010 (Unity) RunAssetImporterV2
0x00007ff6f4fc1126 (Unity) Application::InitializeProject
0x00007ff6f5944a92 (Unity) WinMain
0x00007ff6f77962b6 (Unity) __scrt_common_main_seh
0x00007ffc022a7034 (KERNEL32) BaseThreadInitThunk
0x00007ffc02bc2651 (ntdll) RtlUserThreadStart

 -> (artifact id: '25cd57de2524e8461c0263570f009833') in 0.126494 seconds
  Import took 0.133432 seconds .

========================================================================
Received Import Request.
  Time since last request: 0.039419 seconds.
  path: Assets/Prefabs/Apple.prefab
  artifactKey: Guid(ceddf16fd111527439a7f3127d51c1bf) Importer(815301076,1909f56bfc062723c751e8b465ee728b)
Start importing Assets/Prefabs/Apple.prefab using Guid(ceddf16fd111527439a7f3127d51c1bf) Importer(815301076,1909f56bfc062723c751e8b465ee728b) The Animator Controller (Apple) you have used is not valid. Animations will not play
0x00007ff6f44497ac (Unity) StackWalker::GetCurrentCallstack
0x00007ff6f4451b89 (Unity) StackWalker::ShowCallstack
0x00007ff6f593752c (Unity) GetStacktrace
0x00007ff6f6a3ae03 (Unity) DebugStringToFile
0x00007ff6f2a73fd8 (Unity) AnimatorControllerPlayable::GenerateGraph
0x00007ff6f2a7a115 (Unity) AnimatorControllerPlayable::SetAnimatorController
0x00007ff6f2a0227e (Unity) Animator::CreateInternalControllerPlayable
0x00007ff6f29fea98 (Unity) Animator::AddToManager
0x00007ff6f29ff064 (Unity) Animator::AwakeFromLoad
0x00007ff6f43d25e8 (Unity) AwakeFromLoadQueue::InvokeAwakeFromLoad
0x00007ff6f43cb5fd (Unity) AwakeFromLoadQueue::AwakeFromLoad
0x00007ff6f374f822 (Unity) AwakeAndActivateClonedObjects
0x00007ff6f4f90c3f (Unity) InstantiateObjectRemoveAllNonAnimationComponents
0x00007ff6f616e77b (Unity) EditorUtility_CUSTOM_Internal_InstantiateRemoveAllNonAnimationComponentsSingle_Injected
0x0000022989e1a783 (Mono JIT Code) (wrapper managed-to-native) UnityEditor.EditorUtility:Internal_InstantiateRemoveAllNonAnimationComponentsSingle_Injected (UnityEngine.Object,UnityEngine.Vector3&,UnityEngine.Quaternion&)
0x0000022989e1a6b3 (Mono JIT Code) UnityEditor.EditorUtility:Internal_InstantiateRemoveAllNonAnimationComponentsSingle (UnityEngine.Object,UnityEngine.Vector3,UnityEngine.Quaternion)
0x0000022989e1a5e3 (Mono JIT Code) UnityEditor.EditorUtility:InstantiateRemoveAllNonAnimationComponents (UnityEngine.Object,UnityEngine.Vector3,UnityEngine.Quaternion)
0x0000022989e1a0b3 (Mono JIT Code) UnityEditor.EditorUtility:InstantiateForAnimatorPreview (UnityEngine.Object)
0x0000022989e19d73 (Mono JIT Code) UnityEditor.GameObjectInspector/PreviewData:UpdateGameObject (UnityEngine.Object)
0x0000022989e15ea3 (Mono JIT Code) UnityEditor.GameObjectInspector/PreviewData:.ctor (UnityEngine.Object)
0x0000022989e15a13 (Mono JIT Code) UnityEditor.GameObjectInspector:GetPreviewData ()
0x0000022989e14943 (Mono JIT Code) UnityEditor.GameObjectInspector:RenderStaticPreview (string,UnityEngine.Object[],int,int)
0x0000022989e0b32a (Mono JIT Code) UnityEditor.AssetPreviewUpdater:CreatePreviewForAsset (UnityEngine.Object,UnityEngine.Object[],string)
0x0000022989e0b4b8 (Mono JIT Code) (wrapper runtime-invoke) <Module>:runtime_invoke_object_object_object_object (object,intptr,intptr,intptr)
0x00007ffb8659e630 (mono-2.0-bdwgc) [mini-runtime.c:2812] mono_jit_runtime_invoke 
0x00007ffb86522ac2 (mono-2.0-bdwgc) [object.c:2921] do_runtime_invoke 
0x00007ffb8652bb1f (mono-2.0-bdwgc) [object.c:2968] mono_runtime_invoke 
0x00007ff6f42c1af4 (Unity) scripting_method_invoke
0x00007ff6f42ba445 (Unity) ScriptingInvocation::Invoke
0x00007ff6f5a00b20 (Unity) MonoCreateAssetPreview
0x00007ff6f5a050ee (Unity) WriteAssetPreviewToFile
0x00007ff6f5a0585c (Unity) WritePreviews
0x00007ff6f59ff54e (Unity) PreviewImporter::GenerateAssetData
0x00007ff6f5aeef59 (Unity) ImportToObjects
0x00007ff6f5aee069 (Unity) ImportAsset
0x00007ff6f5a501d8 (Unity) AssetImportWorker::Import
0x00007ff6f5aa40bf (Unity) <lambda_e7e5f5e49556456463706cfa5dd72d0a>::operator()
0x00007ff6f5b47022 (Unity) asio::detail::completion_handler<core::mutable_function<void __cdecl(void)> >::do_complete
0x00007ff6f5b49180 (Unity) asio::detail::win_iocp_io_service::do_one
0x00007ff6f5b4c90e (Unity) asio::io_service::run
0x00007ff6f5acffbb (Unity) RunAssetImportWorkerClientV2
0x00007ff6f5ad0010 (Unity) RunAssetImporterV2
0x00007ff6f4fc1126 (Unity) Application::InitializeProject
0x00007ff6f5944a92 (Unity) WinMain
0x00007ff6f77962b6 (Unity) __scrt_common_main_seh
0x00007ffc022a7034 (KERNEL32) BaseThreadInitThunk
0x00007ffc02bc2651 (ntdll) RtlUserThreadStart

The Animator Controller (Apple) you have used is not valid. Animations will not play
0x00007ff6f44497ac (Unity) StackWalker::GetCurrentCallstack
0x00007ff6f4451b89 (Unity) StackWalker::ShowCallstack
0x00007ff6f593752c (Unity) GetStacktrace
0x00007ff6f6a3ae03 (Unity) DebugStringToFile
0x00007ff6f2a73fd8 (Unity) AnimatorControllerPlayable::GenerateGraph
0x00007ff6f2a7a115 (Unity) AnimatorControllerPlayable::SetAnimatorController
0x00007ff6f2a0227e (Unity) Animator::CreateInternalControllerPlayable
0x00007ff6f29fea98 (Unity) Animator::AddToManager
0x00007ff6f29ff064 (Unity) Animator::AwakeFromLoad
0x00007ff6f43d25e8 (Unity) AwakeFromLoadQueue::InvokeAwakeFromLoad
0x00007ff6f43cb5fd (Unity) AwakeFromLoadQueue::AwakeFromLoad
0x00007ff6f34541aa (Unity) GameObject::ActivateAwakeRecursively
0x00007ff6f3454116 (Unity) GameObject::Activate
0x00007ff6f3c3f805 (Unity) UnityScene::OnGameObjectChangedScene
0x00007ff6f3e8d125 (Unity) Transform::SetHideFlags
0x00007ff6f345ea48 (Unity) GameObject::SetHideFlags
0x00007ff6f45e7893 (Unity) Object_Set_Custom_PropHideFlags
0x0000022989df10a6 (Mono JIT Code) (wrapper managed-to-native) UnityEngine.Object:set_hideFlags (UnityEngine.Object,UnityEngine.HideFlags)
0x0000022989e1b4d3 (Mono JIT Code) UnityEditor.EditorUtility:InitInstantiatedPreviewRecursive (UnityEngine.GameObject)
0x0000022989e1a17b (Mono JIT Code) UnityEditor.EditorUtility:InstantiateForAnimatorPreview (UnityEngine.Object)
0x0000022989e19d73 (Mono JIT Code) UnityEditor.GameObjectInspector/PreviewData:UpdateGameObject (UnityEngine.Object)
0x0000022989e15ea3 (Mono JIT Code) UnityEditor.GameObjectInspector/PreviewData:.ctor (UnityEngine.Object)
0x0000022989e15a13 (Mono JIT Code) UnityEditor.GameObjectInspector:GetPreviewData ()
0x0000022989e14943 (Mono JIT Code) UnityEditor.GameObjectInspector:RenderStaticPreview (string,UnityEngine.Object[],int,int)
0x0000022989e0b32a (Mono JIT Code) UnityEditor.AssetPreviewUpdater:CreatePreviewForAsset (UnityEngine.Object,UnityEngine.Object[],string)
0x0000022989e0b4b8 (Mono JIT Code) (wrapper runtime-invoke) <Module>:runtime_invoke_object_object_object_object (object,intptr,intptr,intptr)
0x00007ffb8659e630 (mono-2.0-bdwgc) [mini-runtime.c:2812] mono_jit_runtime_invoke 
0x00007ffb86522ac2 (mono-2.0-bdwgc) [object.c:2921] do_runtime_invoke 
0x00007ffb8652bb1f (mono-2.0-bdwgc) [object.c:2968] mono_runtime_invoke 
0x00007ff6f42c1af4 (Unity) scripting_method_invoke
0x00007ff6f42ba445 (Unity) ScriptingInvocation::Invoke
0x00007ff6f5a00b20 (Unity) MonoCreateAssetPreview
0x00007ff6f5a050ee (Unity) WriteAssetPreviewToFile
0x00007ff6f5a0585c (Unity) WritePreviews
0x00007ff6f59ff54e (Unity) PreviewImporter::GenerateAssetData
0x00007ff6f5aeef59 (Unity) ImportToObjects
0x00007ff6f5aee069 (Unity) ImportAsset
0x00007ff6f5a501d8 (Unity) AssetImportWorker::Import
0x00007ff6f5aa40bf (Unity) <lambda_e7e5f5e49556456463706cfa5dd72d0a>::operator()
0x00007ff6f5b47022 (Unity) asio::detail::completion_handler<core::mutable_function<void __cdecl(void)> >::do_complete
0x00007ff6f5b49180 (Unity) asio::detail::win_iocp_io_service::do_one
0x00007ff6f5b4c90e (Unity) asio::io_service::run
0x00007ff6f5acffbb (Unity) RunAssetImportWorkerClientV2
0x00007ff6f5ad0010 (Unity) RunAssetImporterV2
0x00007ff6f4fc1126 (Unity) Application::InitializeProject
0x00007ff6f5944a92 (Unity) WinMain
0x00007ff6f77962b6 (Unity) __scrt_common_main_seh
0x00007ffc022a7034 (KERNEL32) BaseThreadInitThunk
0x00007ffc02bc2651 (ntdll) RtlUserThreadStart

 -> (artifact id: '25cd57de2524e8461c0263570f009833') in 0.027599 seconds
  Import took 0.034289 seconds .

========================================================================
Received Prepare
Registering precompiled user dll's ...
Registered in 0.010381 seconds.
Begin MonoManager ReloadAssembly
Native extension for WindowsStandalone target not found
Native extension for WebGL target not found
Refreshing native plugins compatible for Editor in 1.09 ms, found 3 plugins.
Preloading 0 native plugins for Editor in 0.00 ms.
Mono: successfully reloaded assembly
- Completed reload, in  2.119 seconds
Platform modules already initialized, skipping
Refreshing native plugins compatible for Editor in 1.07 ms, found 3 plugins.
Preloading 0 native plugins for Editor in 0.00 ms.
Unloading 2170 Unused Serialized files (Serialized files now loaded: 0)
System memory in use before: 98.3 MB.
System memory in use after: 98.4 MB.

Unloading 29 unused Assets to reduce memory usage. Loaded Objects now: 2667.
Total: 3.855600 ms (FindLiveObjects: 0.317300 ms CreateObjectMapping: 0.176100 ms MarkObjects: 3.316700 ms  DeleteObjects: 0.043100 ms)

========================================================================
Received Prepare
Registering precompiled user dll's ...
Registered in 0.009598 seconds.
Begin MonoManager ReloadAssembly
Native extension for WindowsStandalone target not found
Native extension for WebGL target not found
Refreshing native plugins compatible for Editor in 1.21 ms, found 3 plugins.
Preloading 0 native plugins for Editor in 0.00 ms.
Mono: successfully reloaded assembly
- Completed reload, in  2.288 seconds
Platform modules already initialized, skipping
Refreshing native plugins compatible for Editor in 1.22 ms, found 3 plugins.
Preloading 0 native plugins for Editor in 0.00 ms.
Unloading 2170 Unused Serialized files (Serialized files now loaded: 0)
System memory in use before: 98.3 MB.
System memory in use after: 98.5 MB.

Unloading 29 unused Assets to reduce memory usage. Loaded Objects now: 2671.
Total: 4.641000 ms (FindLiveObjects: 0.398100 ms CreateObjectMapping: 0.264600 ms MarkObjects: 3.927600 ms  DeleteObjects: 0.048600 ms)

========================================================================
Received Import Request.
  Time since last request: 10988.296316 seconds.
  path: Assets/Prefabs/Apple.prefab
  artifactKey: Guid(ceddf16fd111527439a7f3127d51c1bf) Importer(815301076,1909f56bfc062723c751e8b465ee728b)
Start importing Assets/Prefabs/Apple.prefab using Guid(ceddf16fd111527439a7f3127d51c1bf) Importer(815301076,1909f56bfc062723c751e8b465ee728b) The Animator Controller (Apple) you have used is not valid. Animations will not play
0x00007ff6f44497ac (Unity) StackWalker::GetCurrentCallstack
0x00007ff6f4451b89 (Unity) StackWalker::ShowCallstack
0x00007ff6f593752c (Unity) GetStacktrace
0x00007ff6f6a3ae03 (Unity) DebugStringToFile
0x00007ff6f2a73fd8 (Unity) AnimatorControllerPlayable::GenerateGraph
0x00007ff6f2a7a115 (Unity) AnimatorControllerPlayable::SetAnimatorController
0x00007ff6f2a0227e (Unity) Animator::CreateInternalControllerPlayable
0x00007ff6f29fea98 (Unity) Animator::AddToManager
0x00007ff6f29ff064 (Unity) Animator::AwakeFromLoad
0x00007ff6f43d25e8 (Unity) AwakeFromLoadQueue::InvokeAwakeFromLoad
0x00007ff6f43cb5fd (Unity) AwakeFromLoadQueue::AwakeFromLoad
0x00007ff6f374f822 (Unity) AwakeAndActivateClonedObjects
0x00007ff6f4f90c3f (Unity) InstantiateObjectRemoveAllNonAnimationComponents
0x00007ff6f616e77b (Unity) EditorUtility_CUSTOM_Internal_InstantiateRemoveAllNonAnimationComponentsSingle_Injected
0x0000022989e1a783 (Mono JIT Code) (wrapper managed-to-native) UnityEditor.EditorUtility:Internal_InstantiateRemoveAllNonAnimationComponentsSingle_Injected (UnityEngine.Object,UnityEngine.Vector3&,UnityEngine.Quaternion&)
0x0000022989e1a6b3 (Mono JIT Code) UnityEditor.EditorUtility:Internal_InstantiateRemoveAllNonAnimationComponentsSingle (UnityEngine.Object,UnityEngine.Vector3,UnityEngine.Quaternion)
0x0000022989e1a5e3 (Mono JIT Code) UnityEditor.EditorUtility:InstantiateRemoveAllNonAnimationComponents (UnityEngine.Object,UnityEngine.Vector3,UnityEngine.Quaternion)
0x0000022989e1a0b3 (Mono JIT Code) UnityEditor.EditorUtility:InstantiateForAnimatorPreview (UnityEngine.Object)
0x0000022989e19d73 (Mono JIT Code) UnityEditor.GameObjectInspector/PreviewData:UpdateGameObject (UnityEngine.Object)
0x0000022989e15ea3 (Mono JIT Code) UnityEditor.GameObjectInspector/PreviewData:.ctor (UnityEngine.Object)
0x0000022989e15a13 (Mono JIT Code) UnityEditor.GameObjectInspector:GetPreviewData ()
0x0000022989e14943 (Mono JIT Code) UnityEditor.GameObjectInspector:RenderStaticPreview (string,UnityEngine.Object[],int,int)
0x0000022989e0b32a (Mono JIT Code) UnityEditor.AssetPreviewUpdater:CreatePreviewForAsset (UnityEngine.Object,UnityEngine.Object[],string)
0x0000022989e0b4b8 (Mono JIT Code) (wrapper runtime-invoke) <Module>:runtime_invoke_object_object_object_object (object,intptr,intptr,intptr)
0x00007ffb8659e630 (mono-2.0-bdwgc) [mini-runtime.c:2812] mono_jit_runtime_invoke 
0x00007ffb86522ac2 (mono-2.0-bdwgc) [object.c:2921] do_runtime_invoke 
0x00007ffb8652bb1f (mono-2.0-bdwgc) [object.c:2968] mono_runtime_invoke 
0x00007ff6f42c1af4 (Unity) scripting_method_invoke
0x00007ff6f42ba445 (Unity) ScriptingInvocation::Invoke
0x00007ff6f5a00b20 (Unity) MonoCreateAssetPreview
0x00007ff6f5a050ee (Unity) WriteAssetPreviewToFile
0x00007ff6f5a0585c (Unity) WritePreviews
0x00007ff6f59ff54e (Unity) PreviewImporter::GenerateAssetData
0x00007ff6f5aeef59 (Unity) ImportToObjects
0x00007ff6f5aee069 (Unity) ImportAsset
0x00007ff6f5a501d8 (Unity) AssetImportWorker::Import
0x00007ff6f5aa40bf (Unity) <lambda_e7e5f5e49556456463706cfa5dd72d0a>::operator()
0x00007ff6f5b47022 (Unity) asio::detail::completion_handler<core::mutable_function<void __cdecl(void)> >::do_complete
0x00007ff6f5b49180 (Unity) asio::detail::win_iocp_io_service::do_one
0x00007ff6f5b4c90e (Unity) asio::io_service::run
0x00007ff6f5acffbb (Unity) RunAssetImportWorkerClientV2
0x00007ff6f5ad0010 (Unity) RunAssetImporterV2
0x00007ff6f4fc1126 (Unity) Application::InitializeProject
0x00007ff6f5944a92 (Unity) WinMain
0x00007ff6f77962b6 (Unity) __scrt_common_main_seh
0x00007ffc022a7034 (KERNEL32) BaseThreadInitThunk
0x00007ffc02bc2651 (ntdll) RtlUserThreadStart

The Animator Controller (Apple) you have used is not valid. Animations will not play
0x00007ff6f44497ac (Unity) StackWalker::GetCurrentCallstack
0x00007ff6f4451b89 (Unity) StackWalker::ShowCallstack
0x00007ff6f593752c (Unity) GetStacktrace
0x00007ff6f6a3ae03 (Unity) DebugStringToFile
0x00007ff6f2a73fd8 (Unity) AnimatorControllerPlayable::GenerateGraph
0x00007ff6f2a7a115 (Unity) AnimatorControllerPlayable::SetAnimatorController
0x00007ff6f2a0227e (Unity) Animator::CreateInternalControllerPlayable
0x00007ff6f29fea98 (Unity) Animator::AddToManager
0x00007ff6f29ff064 (Unity) Animator::AwakeFromLoad
0x00007ff6f43d25e8 (Unity) AwakeFromLoadQueue::InvokeAwakeFromLoad
0x00007ff6f43cb5fd (Unity) AwakeFromLoadQueue::AwakeFromLoad
0x00007ff6f34541aa (Unity) GameObject::ActivateAwakeRecursively
0x00007ff6f3454116 (Unity) GameObject::Activate
0x00007ff6f3c3f805 (Unity) UnityScene::OnGameObjectChangedScene
0x00007ff6f3e8d125 (Unity) Transform::SetHideFlags
0x00007ff6f345ea48 (Unity) GameObject::SetHideFlags
0x00007ff6f45e7893 (Unity) Object_Set_Custom_PropHideFlags
0x0000022989de10a6 (Mono JIT Code) (wrapper managed-to-native) UnityEngine.Object:set_hideFlags (UnityEngine.Object,UnityEngine.HideFlags)
0x0000022989e1b4d3 (Mono JIT Code) UnityEditor.EditorUtility:InitInstantiatedPreviewRecursive (UnityEngine.GameObject)
0x0000022989e1a17b (Mono JIT Code) UnityEditor.EditorUtility:InstantiateForAnimatorPreview (UnityEngine.Object)
0x0000022989e19d73 (Mono JIT Code) UnityEditor.GameObjectInspector/PreviewData:UpdateGameObject (UnityEngine.Object)
0x0000022989e15ea3 (Mono JIT Code) UnityEditor.GameObjectInspector/PreviewData:.ctor (UnityEngine.Object)
0x0000022989e15a13 (Mono JIT Code) UnityEditor.GameObjectInspector:GetPreviewData ()
0x0000022989e14943 (Mono JIT Code) UnityEditor.GameObjectInspector:RenderStaticPreview (string,UnityEngine.Object[],int,int)
0x0000022989e0b32a (Mono JIT Code) UnityEditor.AssetPreviewUpdater:CreatePreviewForAsset (UnityEngine.Object,UnityEngine.Object[],string)
0x0000022989e0b4b8 (Mono JIT Code) (wrapper runtime-invoke) <Module>:runtime_invoke_object_object_object_object (object,intptr,intptr,intptr)
0x00007ffb8659e630 (mono-2.0-bdwgc) [mini-runtime.c:2812] mono_jit_runtime_invoke 
0x00007ffb86522ac2 (mono-2.0-bdwgc) [object.c:2921] do_runtime_invoke 
0x00007ffb8652bb1f (mono-2.0-bdwgc) [object.c:2968] mono_runtime_invoke 
0x00007ff6f42c1af4 (Unity) scripting_method_invoke
0x00007ff6f42ba445 (Unity) ScriptingInvocation::Invoke
0x00007ff6f5a00b20 (Unity) MonoCreateAssetPreview
0x00007ff6f5a050ee (Unity) WriteAssetPreviewToFile
0x00007ff6f5a0585c (Unity) WritePreviews
0x00007ff6f59ff54e (Unity) PreviewImporter::GenerateAssetData
0x00007ff6f5aeef59 (Unity) ImportToObjects
0x00007ff6f5aee069 (Unity) ImportAsset
0x00007ff6f5a501d8 (Unity) AssetImportWorker::Import
0x00007ff6f5aa40bf (Unity) <lambda_e7e5f5e49556456463706cfa5dd72d0a>::operator()
0x00007ff6f5b47022 (Unity) asio::detail::completion_handler<core::mutable_function<void __cdecl(void)> >::do_complete
0x00007ff6f5b49180 (Unity) asio::detail::win_iocp_io_service::do_one
0x00007ff6f5b4c90e (Unity) asio::io_service::run
0x00007ff6f5acffbb (Unity) RunAssetImportWorkerClientV2
0x00007ff6f5ad0010 (Unity) RunAssetImporterV2
0x00007ff6f4fc1126 (Unity) Application::InitializeProject
0x00007ff6f5944a92 (Unity) WinMain
0x00007ff6f77962b6 (Unity) __scrt_common_main_seh
0x00007ffc022a7034 (KERNEL32) BaseThreadInitThunk
0x00007ffc02bc2651 (ntdll) RtlUserThreadStart

 -> (artifact id: '183b1a72447f58e0ea866be37371530f') in 0.144126 seconds
  Import took 0.151510 seconds .

========================================================================
Received Import Request.
  Time since last request: 14.009498 seconds.
  path: Assets/Prefabs/Apple.prefab
  artifactKey: Guid(ceddf16fd111527439a7f3127d51c1bf) Importer(815301076,1909f56bfc062723c751e8b465ee728b)
Start importing Assets/Prefabs/Apple.prefab using Guid(ceddf16fd111527439a7f3127d51c1bf) Importer(815301076,1909f56bfc062723c751e8b465ee728b) The Animator Controller (Apple) you have used is not valid. Animations will not play
0x00007ff6f44497ac (Unity) StackWalker::GetCurrentCallstack
0x00007ff6f4451b89 (Unity) StackWalker::ShowCallstack
0x00007ff6f593752c (Unity) GetStacktrace
0x00007ff6f6a3ae03 (Unity) DebugStringToFile
0x00007ff6f2a73fd8 (Unity) AnimatorControllerPlayable::GenerateGraph
0x00007ff6f2a7a115 (Unity) AnimatorControllerPlayable::SetAnimatorController
0x00007ff6f2a0227e (Unity) Animator::CreateInternalControllerPlayable
0x00007ff6f29fea98 (Unity) Animator::AddToManager
0x00007ff6f29ff064 (Unity) Animator::AwakeFromLoad
0x00007ff6f43d25e8 (Unity) AwakeFromLoadQueue::InvokeAwakeFromLoad
0x00007ff6f43cb5fd (Unity) AwakeFromLoadQueue::AwakeFromLoad
0x00007ff6f374f822 (Unity) AwakeAndActivateClonedObjects
0x00007ff6f4f90c3f (Unity) InstantiateObjectRemoveAllNonAnimationComponents
0x00007ff6f616e77b (Unity) EditorUtility_CUSTOM_Internal_InstantiateRemoveAllNonAnimationComponentsSingle_Injected
0x0000022989e1a783 (Mono JIT Code) (wrapper managed-to-native) UnityEditor.EditorUtility:Internal_InstantiateRemoveAllNonAnimationComponentsSingle_Injected (UnityEngine.Object,UnityEngine.Vector3&,UnityEngine.Quaternion&)
0x0000022989e1a6b3 (Mono JIT Code) UnityEditor.EditorUtility:Internal_InstantiateRemoveAllNonAnimationComponentsSingle (UnityEngine.Object,UnityEngine.Vector3,UnityEngine.Quaternion)
0x0000022989e1a5e3 (Mono JIT Code) UnityEditor.EditorUtility:InstantiateRemoveAllNonAnimationComponents (UnityEngine.Object,UnityEngine.Vector3,UnityEngine.Quaternion)
0x0000022989e1a0b3 (Mono JIT Code) UnityEditor.EditorUtility:InstantiateForAnimatorPreview (UnityEngine.Object)
0x0000022989e19d73 (Mono JIT Code) UnityEditor.GameObjectInspector/PreviewData:UpdateGameObject (UnityEngine.Object)
0x0000022989e15ea3 (Mono JIT Code) UnityEditor.GameObjectInspector/PreviewData:.ctor (UnityEngine.Object)
0x0000022989e15a13 (Mono JIT Code) UnityEditor.GameObjectInspector:GetPreviewData ()
0x0000022989e14943 (Mono JIT Code) UnityEditor.GameObjectInspector:RenderStaticPreview (string,UnityEngine.Object[],int,int)
0x0000022989e0b32a (Mono JIT Code) UnityEditor.AssetPreviewUpdater:CreatePreviewForAsset (UnityEngine.Object,UnityEngine.Object[],string)
0x0000022989e0b4b8 (Mono JIT Code) (wrapper runtime-invoke) <Module>:runtime_invoke_object_object_object_object (object,intptr,intptr,intptr)
0x00007ffb8659e630 (mono-2.0-bdwgc) [mini-runtime.c:2812] mono_jit_runtime_invoke 
0x00007ffb86522ac2 (mono-2.0-bdwgc) [object.c:2921] do_runtime_invoke 
0x00007ffb8652bb1f (mono-2.0-bdwgc) [object.c:2968] mono_runtime_invoke 
0x00007ff6f42c1af4 (Unity) scripting_method_invoke
0x00007ff6f42ba445 (Unity) ScriptingInvocation::Invoke
0x00007ff6f5a00b20 (Unity) MonoCreateAssetPreview
0x00007ff6f5a050ee (Unity) WriteAssetPreviewToFile
0x00007ff6f5a0585c (Unity) WritePreviews
0x00007ff6f59ff54e (Unity) PreviewImporter::GenerateAssetData
0x00007ff6f5aeef59 (Unity) ImportToObjects
0x00007ff6f5aee069 (Unity) ImportAsset
0x00007ff6f5a501d8 (Unity) AssetImportWorker::Import
0x00007ff6f5aa40bf (Unity) <lambda_e7e5f5e49556456463706cfa5dd72d0a>::operator()
0x00007ff6f5b47022 (Unity) asio::detail::completion_handler<core::mutable_function<void __cdecl(void)> >::do_complete
0x00007ff6f5b49180 (Unity) asio::detail::win_iocp_io_service::do_one
0x00007ff6f5b4c90e (Unity) asio::io_service::run
0x00007ff6f5acffbb (Unity) RunAssetImportWorkerClientV2
0x00007ff6f5ad0010 (Unity) RunAssetImporterV2
0x00007ff6f4fc1126 (Unity) Application::InitializeProject
0x00007ff6f5944a92 (Unity) WinMain
0x00007ff6f77962b6 (Unity) __scrt_common_main_seh
0x00007ffc022a7034 (KERNEL32) BaseThreadInitThunk
0x00007ffc02bc2651 (ntdll) RtlUserThreadStart

The Animator Controller (Apple) you have used is not valid. Animations will not play
0x00007ff6f44497ac (Unity) StackWalker::GetCurrentCallstack
0x00007ff6f4451b89 (Unity) StackWalker::ShowCallstack
0x00007ff6f593752c (Unity) GetStacktrace
0x00007ff6f6a3ae03 (Unity) DebugStringToFile
0x00007ff6f2a73fd8 (Unity) AnimatorControllerPlayable::GenerateGraph
0x00007ff6f2a7a115 (Unity) AnimatorControllerPlayable::SetAnimatorController
0x00007ff6f2a0227e (Unity) Animator::CreateInternalControllerPlayable
0x00007ff6f29fea98 (Unity) Animator::AddToManager
0x00007ff6f29ff064 (Unity) Animator::AwakeFromLoad
0x00007ff6f43d25e8 (Unity) AwakeFromLoadQueue::InvokeAwakeFromLoad
0x00007ff6f43cb5fd (Unity) AwakeFromLoadQueue::AwakeFromLoad
0x00007ff6f34541aa (Unity) GameObject::ActivateAwakeRecursively
0x00007ff6f3454116 (Unity) GameObject::Activate
0x00007ff6f3c3f805 (Unity) UnityScene::OnGameObjectChangedScene
0x00007ff6f3e8d125 (Unity) Transform::SetHideFlags
0x00007ff6f345ea48 (Unity) GameObject::SetHideFlags
0x00007ff6f45e7893 (Unity) Object_Set_Custom_PropHideFlags
0x0000022989de10a6 (Mono JIT Code) (wrapper managed-to-native) UnityEngine.Object:set_hideFlags (UnityEngine.Object,UnityEngine.HideFlags)
0x0000022989e1b4d3 (Mono JIT Code) UnityEditor.EditorUtility:InitInstantiatedPreviewRecursive (UnityEngine.GameObject)
0x0000022989e1a17b (Mono JIT Code) UnityEditor.EditorUtility:InstantiateForAnimatorPreview (UnityEngine.Object)
0x0000022989e19d73 (Mono JIT Code) UnityEditor.GameObjectInspector/PreviewData:UpdateGameObject (UnityEngine.Object)
0x0000022989e15ea3 (Mono JIT Code) UnityEditor.GameObjectInspector/PreviewData:.ctor (UnityEngine.Object)
0x0000022989e15a13 (Mono JIT Code) UnityEditor.GameObjectInspector:GetPreviewData ()
0x0000022989e14943 (Mono JIT Code) UnityEditor.GameObjectInspector:RenderStaticPreview (string,UnityEngine.Object[],int,int)
0x0000022989e0b32a (Mono JIT Code) UnityEditor.AssetPreviewUpdater:CreatePreviewForAsset (UnityEngine.Object,UnityEngine.Object[],string)
0x0000022989e0b4b8 (Mono JIT Code) (wrapper runtime-invoke) <Module>:runtime_invoke_object_object_object_object (object,intptr,intptr,intptr)
0x00007ffb8659e630 (mono-2.0-bdwgc) [mini-runtime.c:2812] mono_jit_runtime_invoke 
0x00007ffb86522ac2 (mono-2.0-bdwgc) [object.c:2921] do_runtime_invoke 
0x00007ffb8652bb1f (mono-2.0-bdwgc) [object.c:2968] mono_runtime_invoke 
0x00007ff6f42c1af4 (Unity) scripting_method_invoke
0x00007ff6f42ba445 (Unity) ScriptingInvocation::Invoke
0x00007ff6f5a00b20 (Unity) MonoCreateAssetPreview
0x00007ff6f5a050ee (Unity) WriteAssetPreviewToFile
0x00007ff6f5a0585c (Unity) WritePreviews
0x00007ff6f59ff54e (Unity) PreviewImporter::GenerateAssetData
0x00007ff6f5aeef59 (Unity) ImportToObjects
0x00007ff6f5aee069 (Unity) ImportAsset
0x00007ff6f5a501d8 (Unity) AssetImportWorker::Import
0x00007ff6f5aa40bf (Unity) <lambda_e7e5f5e49556456463706cfa5dd72d0a>::operator()
0x00007ff6f5b47022 (Unity) asio::detail::completion_handler<core::mutable_function<void __cdecl(void)> >::do_complete
0x00007ff6f5b49180 (Unity) asio::detail::win_iocp_io_service::do_one
0x00007ff6f5b4c90e (Unity) asio::io_service::run
0x00007ff6f5acffbb (Unity) RunAssetImportWorkerClientV2
0x00007ff6f5ad0010 (Unity) RunAssetImporterV2
0x00007ff6f4fc1126 (Unity) Application::InitializeProject
0x00007ff6f5944a92 (Unity) WinMain
0x00007ff6f77962b6 (Unity) __scrt_common_main_seh
0x00007ffc022a7034 (KERNEL32) BaseThreadInitThunk
0x00007ffc02bc2651 (ntdll) RtlUserThreadStart

 -> (artifact id: '7108d50402922ac38cc5b4ae44b0e7bc') in 0.033720 seconds
  Import took 0.042195 seconds .

========================================================================
Received Import Request.
  Time since last request: 0.024207 seconds.
  path: Assets/Prefabs/Apple.prefab
  artifactKey: Guid(ceddf16fd111527439a7f3127d51c1bf) Importer(815301076,1909f56bfc062723c751e8b465ee728b)
Start importing Assets/Prefabs/Apple.prefab using Guid(ceddf16fd111527439a7f3127d51c1bf) Importer(815301076,1909f56bfc062723c751e8b465ee728b) The Animator Controller (Apple) you have used is not valid. Animations will not play
0x00007ff6f44497ac (Unity) StackWalker::GetCurrentCallstack
0x00007ff6f4451b89 (Unity) StackWalker::ShowCallstack
0x00007ff6f593752c (Unity) GetStacktrace
0x00007ff6f6a3ae03 (Unity) DebugStringToFile
0x00007ff6f2a73fd8 (Unity) AnimatorControllerPlayable::GenerateGraph
0x00007ff6f2a7a115 (Unity) AnimatorControllerPlayable::SetAnimatorController
0x00007ff6f2a0227e (Unity) Animator::CreateInternalControllerPlayable
0x00007ff6f29fea98 (Unity) Animator::AddToManager
0x00007ff6f29ff064 (Unity) Animator::AwakeFromLoad
0x00007ff6f43d25e8 (Unity) AwakeFromLoadQueue::InvokeAwakeFromLoad
0x00007ff6f43cb5fd (Unity) AwakeFromLoadQueue::AwakeFromLoad
0x00007ff6f374f822 (Unity) AwakeAndActivateClonedObjects
0x00007ff6f4f90c3f (Unity) InstantiateObjectRemoveAllNonAnimationComponents
0x00007ff6f616e77b (Unity) EditorUtility_CUSTOM_Internal_InstantiateRemoveAllNonAnimationComponentsSingle_Injected
0x0000022989e1a783 (Mono JIT Code) (wrapper managed-to-native) UnityEditor.EditorUtility:Internal_InstantiateRemoveAllNonAnimationComponentsSingle_Injected (UnityEngine.Object,UnityEngine.Vector3&,UnityEngine.Quaternion&)
0x0000022989e1a6b3 (Mono JIT Code) UnityEditor.EditorUtility:Internal_InstantiateRemoveAllNonAnimationComponentsSingle (UnityEngine.Object,UnityEngine.Vector3,UnityEngine.Quaternion)
0x0000022989e1a5e3 (Mono JIT Code) UnityEditor.EditorUtility:InstantiateRemoveAllNonAnimationComponents (UnityEngine.Object,UnityEngine.Vector3,UnityEngine.Quaternion)
0x0000022989e1a0b3 (Mono JIT Code) UnityEditor.EditorUtility:InstantiateForAnimatorPreview (UnityEngine.Object)
0x0000022989e19d73 (Mono JIT Code) UnityEditor.GameObjectInspector/PreviewData:UpdateGameObject (UnityEngine.Object)
0x0000022989e15ea3 (Mono JIT Code) UnityEditor.GameObjectInspector/PreviewData:.ctor (UnityEngine.Object)
0x0000022989e15a13 (Mono JIT Code) UnityEditor.GameObjectInspector:GetPreviewData ()
0x0000022989e14943 (Mono JIT Code) UnityEditor.GameObjectInspector:RenderStaticPreview (string,UnityEngine.Object[],int,int)
0x0000022989e0b32a (Mono JIT Code) UnityEditor.AssetPreviewUpdater:CreatePreviewForAsset (UnityEngine.Object,UnityEngine.Object[],string)
0x0000022989e0b4b8 (Mono JIT Code) (wrapper runtime-invoke) <Module>:runtime_invoke_object_object_object_object (object,intptr,intptr,intptr)
0x00007ffb8659e630 (mono-2.0-bdwgc) [mini-runtime.c:2812] mono_jit_runtime_invoke 
0x00007ffb86522ac2 (mono-2.0-bdwgc) [object.c:2921] do_runtime_invoke 
0x00007ffb8652bb1f (mono-2.0-bdwgc) [object.c:2968] mono_runtime_invoke 
0x00007ff6f42c1af4 (Unity) scripting_method_invoke
0x00007ff6f42ba445 (Unity) ScriptingInvocation::Invoke
0x00007ff6f5a00b20 (Unity) MonoCreateAssetPreview
0x00007ff6f5a050ee (Unity) WriteAssetPreviewToFile
0x00007ff6f5a0585c (Unity) WritePreviews
0x00007ff6f59ff54e (Unity) PreviewImporter::GenerateAssetData
0x00007ff6f5aeef59 (Unity) ImportToObjects
0x00007ff6f5aee069 (Unity) ImportAsset
0x00007ff6f5a501d8 (Unity) AssetImportWorker::Import
0x00007ff6f5aa40bf (Unity) <lambda_e7e5f5e49556456463706cfa5dd72d0a>::operator()
0x00007ff6f5b47022 (Unity) asio::detail::completion_handler<core::mutable_function<void __cdecl(void)> >::do_complete
0x00007ff6f5b49180 (Unity) asio::detail::win_iocp_io_service::do_one
0x00007ff6f5b4c90e (Unity) asio::io_service::run
0x00007ff6f5acffbb (Unity) RunAssetImportWorkerClientV2
0x00007ff6f5ad0010 (Unity) RunAssetImporterV2
0x00007ff6f4fc1126 (Unity) Application::InitializeProject
0x00007ff6f5944a92 (Unity) WinMain
0x00007ff6f77962b6 (Unity) __scrt_common_main_seh
0x00007ffc022a7034 (KERNEL32) BaseThreadInitThunk
0x00007ffc02bc2651 (ntdll) RtlUserThreadStart

The Animator Controller (Apple) you have used is not valid. Animations will not play
0x00007ff6f44497ac (Unity) StackWalker::GetCurrentCallstack
0x00007ff6f4451b89 (Unity) StackWalker::ShowCallstack
0x00007ff6f593752c (Unity) GetStacktrace
0x00007ff6f6a3ae03 (Unity) DebugStringToFile
0x00007ff6f2a73fd8 (Unity) AnimatorControllerPlayable::GenerateGraph
0x00007ff6f2a7a115 (Unity) AnimatorControllerPlayable::SetAnimatorController
0x00007ff6f2a0227e (Unity) Animator::CreateInternalControllerPlayable
0x00007ff6f29fea98 (Unity) Animator::AddToManager
0x00007ff6f29ff064 (Unity) Animator::AwakeFromLoad
0x00007ff6f43d25e8 (Unity) AwakeFromLoadQueue::InvokeAwakeFromLoad
0x00007ff6f43cb5fd (Unity) AwakeFromLoadQueue::AwakeFromLoad
0x00007ff6f34541aa (Unity) GameObject::ActivateAwakeRecursively
0x00007ff6f3454116 (Unity) GameObject::Activate
0x00007ff6f3c3f805 (Unity) UnityScene::OnGameObjectChangedScene
0x00007ff6f3e8d125 (Unity) Transform::SetHideFlags
0x00007ff6f345ea48 (Unity) GameObject::SetHideFlags
0x00007ff6f45e7893 (Unity) Object_Set_Custom_PropHideFlags
0x0000022989de10a6 (Mono JIT Code) (wrapper managed-to-native) UnityEngine.Object:set_hideFlags (UnityEngine.Object,UnityEngine.HideFlags)
0x0000022989e1b4d3 (Mono JIT Code) UnityEditor.EditorUtility:InitInstantiatedPreviewRecursive (UnityEngine.GameObject)
0x0000022989e1a17b (Mono JIT Code) UnityEditor.EditorUtility:InstantiateForAnimatorPreview (UnityEngine.Object)
0x0000022989e19d73 (Mono JIT Code) UnityEditor.GameObjectInspector/PreviewData:UpdateGameObject (UnityEngine.Object)
0x0000022989e15ea3 (Mono JIT Code) UnityEditor.GameObjectInspector/PreviewData:.ctor (UnityEngine.Object)
0x0000022989e15a13 (Mono JIT Code) UnityEditor.GameObjectInspector:GetPreviewData ()
0x0000022989e14943 (Mono JIT Code) UnityEditor.GameObjectInspector:RenderStaticPreview (string,UnityEngine.Object[],int,int)
0x0000022989e0b32a (Mono JIT Code) UnityEditor.AssetPreviewUpdater:CreatePreviewForAsset (UnityEngine.Object,UnityEngine.Object[],string)
0x0000022989e0b4b8 (Mono JIT Code) (wrapper runtime-invoke) <Module>:runtime_invoke_object_object_object_object (object,intptr,intptr,intptr)
0x00007ffb8659e630 (mono-2.0-bdwgc) [mini-runtime.c:2812] mono_jit_runtime_invoke 
0x00007ffb86522ac2 (mono-2.0-bdwgc) [object.c:2921] do_runtime_invoke 
0x00007ffb8652bb1f (mono-2.0-bdwgc) [object.c:2968] mono_runtime_invoke 
0x00007ff6f42c1af4 (Unity) scripting_method_invoke
0x00007ff6f42ba445 (Unity) ScriptingInvocation::Invoke
0x00007ff6f5a00b20 (Unity) MonoCreateAssetPreview
0x00007ff6f5a050ee (Unity) WriteAssetPreviewToFile
0x00007ff6f5a0585c (Unity) WritePreviews
0x00007ff6f59ff54e (Unity) PreviewImporter::GenerateAssetData
0x00007ff6f5aeef59 (Unity) ImportToObjects
0x00007ff6f5aee069 (Unity) ImportAsset
0x00007ff6f5a501d8 (Unity) AssetImportWorker::Import
0x00007ff6f5aa40bf (Unity) <lambda_e7e5f5e49556456463706cfa5dd72d0a>::operator()
0x00007ff6f5b47022 (Unity) asio::detail::completion_handler<core::mutable_function<void __cdecl(void)> >::do_complete
0x00007ff6f5b49180 (Unity) asio::detail::win_iocp_io_service::do_one
0x00007ff6f5b4c90e (Unity) asio::io_service::run
0x00007ff6f5acffbb (Unity) RunAssetImportWorkerClientV2
0x00007ff6f5ad0010 (Unity) RunAssetImporterV2
0x00007ff6f4fc1126 (Unity) Application::InitializeProject
0x00007ff6f5944a92 (Unity) WinMain
0x00007ff6f77962b6 (Unity) __scrt_common_main_seh
0x00007ffc022a7034 (KERNEL32) BaseThreadInitThunk
0x00007ffc02bc2651 (ntdll) RtlUserThreadStart

 -> (artifact id: '7108d50402922ac38cc5b4ae44b0e7bc') in 0.028265 seconds
  Import took 0.034538 seconds .

========================================================================
Received Import Request.
  Time since last request: 88.808335 seconds.
  path: Assets/Scripts/GameController.cs
  artifactKey: Guid(dfddabc771943c343bb18f73fc71b06e) Importer(815301076,1909f56bfc062723c751e8b465ee728b)
Start importing Assets/Scripts/GameController.cs using Guid(dfddabc771943c343bb18f73fc71b06e) Importer(815301076,1909f56bfc062723c751e8b465ee728b)  -> (artifact id: 'a33921f93e6b602427f1ebe400efb9d7') in 0.013582 seconds
  Import took 0.022919 seconds .

========================================================================
Received Prepare
Registering precompiled user dll's ...
Registered in 0.009365 seconds.
Begin MonoManager ReloadAssembly
Native extension for WindowsStandalone target not found
Native extension for WebGL target not found
Refreshing native plugins compatible for Editor in 1.13 ms, found 3 plugins.
Preloading 0 native plugins for Editor in 0.00 ms.
Mono: successfully reloaded assembly
- Completed reload, in  2.403 seconds
Platform modules already initialized, skipping
Refreshing native plugins compatible for Editor in 1.41 ms, found 3 plugins.
Preloading 0 native plugins for Editor in 0.00 ms.
Unloading 2171 Unused Serialized files (Serialized files now loaded: 0)
System memory in use before: 98.4 MB.
System memory in use after: 98.5 MB.

Unloading 29 unused Assets to reduce memory usage. Loaded Objects now: 2677.
Total: 4.459300 ms (FindLiveObjects: 0.342100 ms CreateObjectMapping: 0.201400 ms MarkObjects: 3.872100 ms  DeleteObjects: 0.040600 ms)

========================================================================
Received Prepare
Registering precompiled user dll's ...
Registered in 0.008905 seconds.
Begin MonoManager ReloadAssembly
Native extension for WindowsStandalone target not found
Native extension for WebGL target not found
Refreshing native plugins compatible for Editor in 1.09 ms, found 3 plugins.
Preloading 0 native plugins for Editor in 0.00 ms.
Mono: successfully reloaded assembly
- Completed reload, in  2.232 seconds
Platform modules already initialized, skipping
Refreshing native plugins compatible for Editor in 1.11 ms, found 3 plugins.
Preloading 0 native plugins for Editor in 0.00 ms.
Unloading 2171 Unused Serialized files (Serialized files now loaded: 0)
System memory in use before: 98.4 MB.
System memory in use after: 98.5 MB.

Unloading 29 unused Assets to reduce memory usage. Loaded Objects now: 2681.
Total: 4.094700 ms (FindLiveObjects: 0.336600 ms CreateObjectMapping: 0.180000 ms MarkObjects: 3.491500 ms  DeleteObjects: 0.083400 ms)

========================================================================
Received Import Request.
  Time since last request: 265.007296 seconds.
  path: Assets/Scripts/GameController.cs
  artifactKey: Guid(dfddabc771943c343bb18f73fc71b06e) Importer(815301076,1909f56bfc062723c751e8b465ee728b)
Start importing Assets/Scripts/GameController.cs using Guid(dfddabc771943c343bb18f73fc71b06e) Importer(815301076,1909f56bfc062723c751e8b465ee728b)  -> (artifact id: '8f857b85eac543d7300c1db615ab4a94') in 0.015579 seconds
  Import took 0.023959 seconds .

========================================================================
Received Prepare
Registering precompiled user dll's ...
Registered in 0.011815 seconds.
Begin MonoManager ReloadAssembly
Native extension for WindowsStandalone target not found
Native extension for WebGL target not found
Refreshing native plugins compatible for Editor in 1.19 ms, found 3 plugins.
Preloading 0 native plugins for Editor in 0.00 ms.
Mono: successfully reloaded assembly
- Completed reload, in  2.904 seconds
Platform modules already initialized, skipping
Refreshing native plugins compatible for Editor in 1.41 ms, found 3 plugins.
Preloading 0 native plugins for Editor in 0.00 ms.
Unloading 2171 Unused Serialized files (Serialized files now loaded: 0)
System memory in use before: 98.4 MB.
System memory in use after: 98.5 MB.

Unloading 29 unused Assets to reduce memory usage. Loaded Objects now: 2685.
Total: 4.794000 ms (FindLiveObjects: 0.312700 ms CreateObjectMapping: 0.148600 ms MarkObjects: 4.173700 ms  DeleteObjects: 0.155600 ms)

